TN:
SF:src/components/atoms/CustomDivider/index.tsx
FN:3,CustomDivider
FNF:1
FNH:1
FNDA:5,CustomDivider
DA:1,1
DA:2,1
DA:3,1
DA:4,5
DA:5,5
DA:6,5
DA:7,5
DA:8,5
DA:9,5
DA:10,5
DA:11,5
DA:12,1
DA:13,1
LF:13
LH:13
BRDA:3,0,0,5
BRF:1
BRH:1
end_of_record
TN:
SF:src/components/atoms/HtmlText/index.tsx
FN:5,HtmlText
FNF:1
FNH:1
FNDA:2,HtmlText
DA:1,1
DA:2,1
DA:3,1
DA:4,1
DA:5,1
DA:6,2
DA:7,2
DA:8,1
DA:9,1
LF:9
LH:9
BRDA:5,0,0,2
BRF:1
BRH:1
end_of_record
TN:
SF:src/components/molecules/CustomCard/index.tsx
FN:3,CustomCard
FNF:1
FNH:1
FNDA:3,CustomCard
DA:1,1
DA:2,1
DA:3,1
DA:4,3
DA:5,3
DA:6,3
DA:7,3
DA:8,3
DA:9,3
DA:10,3
DA:11,3
DA:12,3
DA:13,3
DA:14,3
DA:15,3
DA:16,1
DA:17,1
LF:17
LH:17
BRDA:3,0,0,3
BRF:1
BRH:1
end_of_record
TN:
SF:src/components/molecules/PodcastDetails/index.tsx
FN:15,PodcastDetails
FN:18,navigateToPodcast
FNF:2
FNH:2
FNDA:3,PodcastDetails
FNDA:1,navigateToPodcast
DA:1,1
DA:2,1
DA:3,1
DA:4,1
DA:5,1
DA:6,1
DA:7,1
DA:8,1
DA:9,1
DA:10,1
DA:11,1
DA:12,1
DA:13,1
DA:14,1
DA:15,1
DA:16,3
DA:17,3
DA:18,3
DA:19,1
DA:20,1
DA:21,3
DA:22,3
DA:23,3
DA:24,3
DA:25,3
DA:26,3
DA:27,3
DA:28,3
DA:29,3
DA:30,3
DA:31,3
DA:32,3
DA:33,3
DA:34,3
DA:35,3
DA:36,3
DA:37,3
DA:38,3
DA:39,3
DA:40,3
DA:41,3
DA:42,3
DA:43,3
DA:44,3
DA:45,3
DA:46,3
DA:47,3
DA:48,3
DA:49,3
DA:50,3
DA:51,3
DA:52,3
DA:53,3
DA:54,3
DA:55,3
DA:56,3
DA:57,3
DA:58,3
DA:59,3
DA:60,3
DA:61,3
DA:62,3
DA:63,3
DA:64,3
DA:65,3
DA:66,3
DA:67,3
DA:68,3
DA:69,1
DA:70,1
LF:70
LH:70
BRDA:15,0,0,3
BRDA:26,1,0,2
BRDA:26,2,0,1
BRDA:32,3,0,2
BRDA:32,4,0,1
BRDA:38,5,0,2
BRDA:38,6,0,1
BRDA:42,7,0,2
BRDA:42,8,0,1
BRDA:47,9,0,2
BRDA:47,10,0,1
BRDA:51,11,0,2
BRDA:51,12,0,1
BRDA:18,13,0,1
BRF:14
BRH:14
end_of_record
